2019-05-21 13:52:03.8557 WechatServer.FidderFence.FiddlerApplication_BeforeRequest Info:
http://stat.funshion.net/tools/flash_beat?mick=15581928649e0d1&oc=c00200107&ref=http://vasd.fun.tv/vasd/pa/index?zzt=1&sid=c00200107&ref=http%3A%2F%2Fadm.funshion.com%2Fmat%2F20190517163842-11363714.html&mick=&cvid=44549841912d3bd5&ua=mozilla/4.0%20(compatible;%20msie%207.0;%20windows%20nt%206.2;%20wow64;%20trident/7.0;%20.net4.0c;%20.net4.0e;%20infopath.3;%20.net%20clr%202.0.50727;%20.net%20clr%203.0.30729;%20.net%20clr%203.5.30729)&sid=d1942a3ab01eb59220e2b3a46e7ef09d&time=75
2019-05-21 13:52:18.9073 WechatServer.FidderFence.FiddlerApplication_BeforeRequest Info:
http://stat.funshion.net/tools/flash_beat?mick=15581928649e0d1&oc=c00200107&ref=http://vasd.fun.tv/vasd/pa/index?zzt=1&sid=c00200107&ref=http%3A%2F%2Fadm.funshion.com%2Fmat%2F20190517163842-11363714.html&mick=&cvid=44549841912d3bd5&ua=mozilla/4.0%20(compatible;%20msie%207.0;%20windows%20nt%206.2;%20wow64;%20trident/7.0;%20.net4.0c;%20.net4.0e;%20infopath.3;%20.net%20clr%202.0.50727;%20.net%20clr%203.0.30729;%20.net%20clr%203.5.30729)&sid=d1942a3ab01eb59220e2b3a46e7ef09d&time=90
2019-05-21 13:52:33.9402 WechatServer.FidderFence.FiddlerApplication_BeforeRequest Info:
http://stat.funshion.net/tools/flash_beat?mick=15581928649e0d1&oc=c00200107&ref=http://vasd.fun.tv/vasd/pa/index?zzt=1&sid=c00200107&ref=http%3A%2F%2Fadm.funshion.com%2Fmat%2F20190517163842-11363714.html&mick=&cvid=44549841912d3bd5&ua=mozilla/4.0%20(compatible;%20msie%207.0;%20windows%20nt%206.2;%20wow64;%20trident/7.0;%20.net4.0c;%20.net4.0e;%20infopath.3;%20.net%20clr%202.0.50727;%20.net%20clr%203.0.30729;%20.net%20clr%203.5.30729)&sid=d1942a3ab01eb59220e2b3a46e7ef09d&time=105
2019-05-21 13:52:35.7202 WechatServer.FidderFence.FiddlerApplication_BeforeRequest Info:
http://mc.funshion.com/interface/mc?mcid=8842
2019-05-21 13:52:35.7521 WechatServer.FidderFence.FiddlerApplication_BeforeRequest Info:
http://vas.fun.tv/market/deliver/201904031313/view.html?ap=xl_tips
2019-05-21 13:52:35.8528 WechatServer.FidderFence.FiddlerApplication_BeforeRequest Info:
http://vas.fun.tv/market/funlib/jsdk/funlib_3.0.0.201903051746.js
2019-05-21 13:52:35.8528 WechatServer.FidderFence.FiddlerApplication_BeforeRequest Info:
http://vas.fun.tv/market/funlib/jsdk/deliver_0.0.1.201903252040.js
2019-05-21 13:52:36.0443 WechatServer.FidderFence.FiddlerApplication_BeforeRequest Info:
http://aw01.pub.funshion.com/interface/deliver?ap=xl_tips&client=pc_web&oc=www&vchannel=&schannel=&mid=&plid=&vid=&url=http%3A%2F%2Fvas.fun.tv%2Fmarket%2Fdeliver%2F201904031313%2Fview.html%3Fap%3Dxl_tips&refer=&isvip=&uid=0&mac=&mick=&fck=&screen_w=1920&screen_h=1080&deliver_ver=v1&tip=M%7C&tipen=M%7C0&stable=M%7C0&callback=callback_yvtvjhadsfivqspyxonpkaldjdsjdkrl
2019-05-21 13:52:36.0782 WechatServer.FidderFence.FiddlerApplication_BeforeRequest Info:
http://adm.funshion.com/mat/20190426172100-2142919.jpg
2019-05-21 13:52:36.0782 WechatServer.FidderFence.FiddlerApplication_BeforeRequest Info:
http://aw01.pub.funshion.com/interface/monitor?uid=0&mac=&fck=&mick=&ap=xl_tips&matid=46001&ad=307726&mid=&oc=www&client=pc_web&order=1&impid=a0bb2d10-7b8c-11e9-93b7-593228a1662a-010001&reqId=a0bb2d10-7b8c-11e9-93b7-593228a1662a&originIp=1.202.165.40&originIp2Num=30057768&t=0
2019-05-21 13:52:36.0782 WechatServer.FidderFence.FiddlerApplication_BeforeRequest Info:
http://vas.fun.tv/market/deliver/assets/adfun.png
2019-05-21 13:52:47.0723 WechatServer.FidderFence.FiddlerApplication_BeforeRequest Info:
http://aw01.pub.funshion.com/interface/monitor?uid=0&mac=112233445566&fck=&mick=&ap=xl_download_banr_9_x&matid=46663&ad=313167&mid=&ver=3.0.6.69&oc=6001&client=pc_web&order=1&impid=5fc05970-7b8c-11e9-ba27-0b61cf4a4707-010001&reqId=5fc05970-7b8c-11e9-ba27-0b61cf4a4707&originIp=1.202.165.40&originIp2Num=30057768&t=120000&round=0.9595326617886948
2019-05-21 13:52:47.1002 WechatServer.FidderFence.FiddlerApplication_BeforeRequest Info:
http://adm.funshion.com/mat/20190517174159-6258474.jpg
2019-05-21 13:52:47.1511 WechatServer.FidderFence.FiddlerApplication_BeforeRequest Info:
http://vas.fun.tv/market/deliver/assets/adfun.png
2019-05-21 13:52:47.2169 WechatServer.FidderFence.FiddlerApplication_BeforeRequest Info:
http://aw01.pub.funshion.com/interface/monitor?uid=0&mac=112233445566&fck=&mick=&ap=xl_download_banr_9_x&matid=46675&ad=306523&mid=&ver=3.0.6.69&oc=6001&client=pc_web&order=2&impid=5fc05970-7b8c-11e9-ba27-0b61cf4a4707-010002&reqId=5fc05970-7b8c-11e9-ba27-0b61cf4a4707&originIp=1.202.165.40&originIp2Num=30057768&t=0&round=0.08186331085690729
